<?xml version="1.0" encoding="UTF-8"?><testsuite errors="0" failures="0" name="com.virgingames.jackpotinfo.JackpotAssertTestWithSteps" skipped="0" tests="5" time="15.68" timestamp="2023-06-17T23:17:42.102+10:00[Australia/Sydney]"><testcase classname="com.virgingames.jackpotinfo.JackpotAssertTestWithSteps" name="Verify the Currency in the Bingo"/><testcase classname="com.virgingames.jackpotinfo.JackpotAssertTestWithSteps" name="Verify the Currency is EUR"/><testcase classname="com.virgingames.jackpotinfo.JackpotAssertTestWithSteps" name="Verify the Currency is GBP"/><testcase classname="com.virgingames.jackpotinfo.JackpotAssertTestWithSteps" name="Verify the Currency is SEK"/><testcase classname="com.virgingames.jackpotinfo.JackpotAssertTestWithSteps" name="Verify the name in the Bingo"/></testsuite>